\BOOKMARK [1][-]{section.1}{\376\377\000A\000u\000f\000g\000a\000b\000e\000\040\000B\000i\000b\000e\000r\000t\000o\000m\000o\000g\000r\000a\000p\000h}{}% 1
\BOOKMARK [2][-]{subsection.1.1}{\376\377\000F\000r\000a\000g\000e\000s\000t\000e\000l\000l\000u\000n\000g}{section.1}% 2
\BOOKMARK [2][-]{subsection.1.2}{\376\377\000L\000\366\000s\000u\000n\000g\000s\000i\000d\000e\000e}{section.1}% 3
\BOOKMARK [1][-]{section.2}{\376\377\000T\000h\000e\000o\000r\000e\000t\000i\000s\000c\000h\000e\000\040\000G\000r\000u\000n\000d\000l\000a\000g\000e\000n}{}% 4
\BOOKMARK [2][-]{subsection.2.1}{\376\377\000C\000o\000n\000s\000t\000r\000a\000i\000n\000t\000\040\000S\000a\000t\000i\000s\000f\000a\000c\000t\000i\000o\000n\000\040\000P\000r\000o\000b\000l\000e\000m\000s}{section.2}% 5
\BOOKMARK [2][-]{subsection.2.2}{\376\377\000B\000a\000c\000k\000t\000r\000a\000c\000k\000i\000n\000g}{section.2}% 6
\BOOKMARK [2][-]{subsection.2.3}{\376\377\000C\000o\000n\000s\000t\000r\000a\000i\000n\000t\000\040\000P\000r\000o\000p\000a\000g\000a\000t\000i\000o\000n}{section.2}% 7
\BOOKMARK [2][-]{subsection.2.4}{\376\377\000V\000e\000r\000w\000e\000n\000d\000e\000t\000e\000\040\000J\000a\000v\000a\000-\000K\000o\000n\000z\000e\000p\000t\000e}{section.2}% 8
\BOOKMARK [1][-]{section.3}{\376\377\000P\000r\000o\000g\000r\000a\000m\000m\000s\000t\000r\000u\000k\000t\000u\000r}{}% 9
\BOOKMARK [2][-]{subsection.3.1}{\376\377\000\334\000b\000e\000r\000s\000i\000c\000h\000t\000\040\000d\000e\000r\000\040\000K\000l\000a\000s\000s\000e\000n}{section.3}% 10
\BOOKMARK [2][-]{subsection.3.2}{\376\377\000M\000a\000i\000n\000.\000j\000a\000v\000a\000\040\040\023\000\040\000H\000a\000u\000p\000t\000p\000r\000o\000g\000r\000a\000m\000m}{section.3}% 11
\BOOKMARK [2][-]{subsection.3.3}{\376\377\000G\000r\000i\000d\000.\000j\000a\000v\000a\000\040\040\023\000\040\000D\000a\000s\000\040\000R\000a\000s\000t\000e\000r}{section.3}% 12
\BOOKMARK [1][-]{section.4}{\376\377\000D\000e\000r\000\040\000S\000o\000l\000v\000e\000r\000-\000A\000l\000g\000o\000r\000i\000t\000h\000m\000u\000s}{}% 13
\BOOKMARK [2][-]{subsection.4.1}{\376\377\000D\000i\000e\000\040\000H\000e\000a\000t\000m\000a\000p\000-\000H\000e\000u\000r\000i\000s\000t\000i\000k}{section.4}% 14
\BOOKMARK [2][-]{subsection.4.2}{\376\377\000B\000a\000c\000k\000t\000r\000a\000c\000k\000i\000n\000g\000\040\000m\000i\000t\000\040\000H\000e\000u\000r\000i\000s\000t\000i\000k}{section.4}% 15
\BOOKMARK [2][-]{subsection.4.3}{\376\377\000C\000o\000n\000s\000t\000r\000a\000i\000n\000t\000\040\000P\000r\000o\000p\000a\000g\000a\000t\000i\000o\000n}{section.4}% 16
\BOOKMARK [2][-]{subsection.4.4}{\376\377\000F\000o\000r\000w\000a\000r\000d\000\040\000C\000h\000e\000c\000k\000i\000n\000g}{section.4}% 17
\BOOKMARK [1][-]{section.5}{\376\377\000E\000i\000n\000g\000a\000b\000e\000\040\000u\000n\000d\000\040\000A\000u\000s\000g\000a\000b\000e}{}% 18
\BOOKMARK [2][-]{subsection.5.1}{\376\377\000E\000i\000n\000g\000a\000b\000e\000f\000o\000r\000m\000a\000t}{section.5}% 19
\BOOKMARK [2][-]{subsection.5.2}{\376\377\000A\000u\000s\000g\000a\000b\000e\000f\000o\000r\000m\000a\000t}{section.5}% 20
\BOOKMARK [1][-]{section.6}{\376\377\000B\000e\000i\000s\000p\000i\000e\000l\000e\000\040\000a\000u\000s\000\040\000d\000e\000m\000\040\000W\000e\000t\000t\000b\000e\000w\000e\000r\000b}{}% 21
\BOOKMARK [2][-]{subsection.6.1}{\376\377\000t\000o\000m\000o\000g\000r\000a\000p\000h\0000\0000\000.\000t\000x\000t\000\040\000\050\0008\000\327\0008\000\051}{section.6}% 22
\BOOKMARK [2][-]{subsection.6.2}{\376\377\000t\000o\000m\000o\000g\000r\000a\000p\000h\0000\0001\000.\000t\000x\000t\000\040\000\050\0002\000\327\0002\000\051}{section.6}% 23
\BOOKMARK [2][-]{subsection.6.3}{\376\377\000t\000o\000m\000o\000g\000r\000a\000p\000h\0000\0002\000.\000t\000x\000t\000\040\000\050\0004\000\327\0004\000\051}{section.6}% 24
\BOOKMARK [2][-]{subsection.6.4}{\376\377\000t\000o\000m\000o\000g\000r\000a\000p\000h\0000\0003\000.\000t\000x\000t\000\040\000\050\0004\000\327\0004\000\051\000\040\040\023\000\040\000M\000e\000h\000r\000e\000r\000e\000\040\000L\000\366\000s\000u\000n\000g\000e\000n}{section.6}% 25
\BOOKMARK [1][-]{section.7}{\376\377\000F\000a\000z\000i\000t\000\040\000u\000n\000d\000\040\000A\000u\000s\000b\000l\000i\000c\000k}{}% 26
\BOOKMARK [2][-]{subsection.7.1}{\376\377\000W\000a\000s\000\040\000f\000u\000n\000k\000t\000i\000o\000n\000i\000e\000r\000t\000\040\000g\000u\000t\000?}{section.7}% 27
\BOOKMARK [2][-]{subsection.7.2}{\376\377\000W\000a\000s\000\040\000w\000a\000r\000\040\000s\000c\000h\000w\000i\000e\000r\000i\000g\000?}{section.7}% 28
\BOOKMARK [2][-]{subsection.7.3}{\376\377\000M\000\366\000g\000l\000i\000c\000h\000e\000\040\000V\000e\000r\000b\000e\000s\000s\000e\000r\000u\000n\000g\000e\000n}{section.7}% 29
\BOOKMARK [1][-]{section.8}{\376\377\000Q\000u\000e\000l\000l\000c\000o\000d\000e}{}% 30
\BOOKMARK [2][-]{subsection.8.1}{\376\377\000C\000o\000n\000s\000t\000r\000a\000i\000n\000t\000s\000.\000j\000a\000v\000a\000\040\040\023\000\040\000V\000o\000l\000l\000s\000t\000\344\000n\000d\000i\000g}{section.8}% 31
\BOOKMARK [2][-]{subsection.8.2}{\376\377\000G\000r\000i\000d\000.\000j\000a\000v\000a\000\040\040\023\000\040\000t\000o\000S\000t\000r\000i\000n\000g\000\040\000M\000e\000t\000h\000o\000d\000e}{section.8}% 32
\BOOKMARK [1][-]{section.9}{\376\377\000Q\000u\000e\000l\000l\000e\000n\000v\000e\000r\000z\000e\000i\000c\000h\000n\000i\000s}{}% 33
\BOOKMARK [1][-]{section*.2}{\376\377\000E\000i\000d\000e\000s\000s\000t\000a\000t\000t\000l\000i\000c\000h\000e\000\040\000E\000r\000k\000l\000\344\000r\000u\000n\000g}{}% 34
